<?xml version="1.0" encoding="UTF-8"?>
<!-- Generated by org.testng.reporters.JUnitReportReporter -->
<testsuite hostname="madhur" failures="0" tests="1" name="patanjaliTestCases.KnowledgeBasePageTest" time="21.727" errors="0" timestamp="2023-03-24T00:19:49 IST" skipped="0">
  <testcase classname="patanjaliTestCases.KnowledgeBasePageTest" name="KnowledgeBaseLinkTest" time="21.727"/>
  <system-out>
    <![CDATA[Click to see screenshot
<a target="_blank" href=Fri_Mar_24_00_19_36_IST_2023.jpg>Screenshot</a>
<br>
<a target="_blank" href=Fri_Mar_24_00_19_36_IST_2023.jpg><img src=Fri_Mar_24_00_19_36_IST_2023.jpg height=300 width=400></img></a>
Click to see screenshot
<a target="_blank" href=Fri_Mar_24_00_19_37_IST_2023.jpg>Screenshot</a>
<br>
<a target="_blank" href=Fri_Mar_24_00_19_37_IST_2023.jpg><img src=Fri_Mar_24_00_19_37_IST_2023.jpg height=300 width=400></img></a>
Click to see screenshot
<a target="_blank" href=Fri_Mar_24_00_19_42_IST_2023.jpg>Screenshot</a>
<br>
<a target="_blank" href=Fri_Mar_24_00_19_42_IST_2023.jpg><img src=Fri_Mar_24_00_19_42_IST_2023.jpg height=300 width=400></img></a>
Click to see screenshot
<a target="_blank" href=Fri_Mar_24_00_19_44_IST_2023.jpg>Screenshot</a>
<br>
<a target="_blank" href=Fri_Mar_24_00_19_44_IST_2023.jpg><img src=Fri_Mar_24_00_19_44_IST_2023.jpg height=300 width=400></img></a>
Click to see screenshot
<a target="_blank" href=Fri_Mar_24_00_19_45_IST_2023.jpg>Screenshot</a>
<br>
<a target="_blank" href=Fri_Mar_24_00_19_45_IST_2023.jpg><img src=Fri_Mar_24_00_19_45_IST_2023.jpg height=300 width=400></img></a>
Click to see screenshot
<a target="_blank" href=Fri_Mar_24_00_19_47_IST_2023.jpg>Screenshot</a>
<br>
<a target="_blank" href=Fri_Mar_24_00_19_47_IST_2023.jpg><img src=Fri_Mar_24_00_19_47_IST_2023.jpg height=300 width=400></img></a>
Click to see screenshot
<a target="_blank" href=Fri_Mar_24_00_19_48_IST_2023.jpg>Screenshot</a>
<br>
<a target="_blank" href=Fri_Mar_24_00_19_48_IST_2023.jpg><img src=Fri_Mar_24_00_19_48_IST_2023.jpg height=300 width=400></img></a>
Click to see screenshot
<a target="_blank" href=Fri_Mar_24_00_19_48_IST_2023.jpg>Screenshot</a>
<br>
<a target="_blank" href=Fri_Mar_24_00_19_48_IST_2023.jpg><img src=Fri_Mar_24_00_19_48_IST_2023.jpg height=300 width=400></img></a>]]>
  </system-out>
</testsuite> <!-- patanjaliTestCases.KnowledgeBasePageTest -->
