<?xml version="1.0" encoding="UTF-8"?>
<!-- Generated by org.testng.reporters.JUnitReportReporter -->
<testsuite hostname="madhur" failures="0" tests="1" name="bangbangTestCases.Roughlink" time="14.706" errors="0" timestamp="2021-05-16T22:59:40 IST" skipped="0">
  <testcase classname="bangbangTestCases.Roughlink" name="test" time="14.706"/>
  <system-out/>
</testsuite> <!-- bangbangTestCases.Roughlink -->
