<?xml version="1.0" encoding="UTF-8"?>
<!-- Generated by org.testng.reporters.JUnitReportReporter -->
<testsuite hostname="madhur" failures="0" tests="3" name="rough.test1" time="0.015" errors="0" timestamp="2021-05-10T14:48:59 IST" skipped="0">
  <testcase classname="rough.test1" name="A" time="0.006"/>
  <system-out/>
  <testcase classname="rough.test1" name="B" time="0.002"/>
  <system-out/>
  <testcase classname="rough.test1" name="C" time="0.007"/>
  <system-out/>
</testsuite> <!-- rough.test1 -->
