<?xml version="1.0" encoding="UTF-8"?>
<!-- Generated by org.testng.reporters.JUnitReportReporter -->
<testsuite hostname="madhur" failures="0" tests="1" name="bangbangTestCases.RoughPageTest" time="12.688" errors="0" timestamp="2021-05-17T00:53:54 IST" skipped="0">
  <testcase classname="bangbangTestCases.RoughPageTest" name="test" time="12.688"/>
  <system-out/>
</testsuite> <!-- bangbangTestCases.RoughPageTest -->
